<?xml version="1.0" encoding="UTF-8"?>
<testng-results skipped="0" failed="0" total="1" passed="1">
  <reporter-output>
  </reporter-output>
  <suite name="Default suite" duration-ms="20479" started-at="2020-01-01T09:12:38Z" finished-at="2020-01-01T09:12:59Z">
    <groups>
    </groups>
    <test name="Default test" duration-ms="20479" started-at="2020-01-01T09:12:38Z" finished-at="2020-01-01T09:12:59Z">
      <class name="com.crm.qa.testcases.LoginPageTest">
        <test-method status="PASS" signature="setUp()[pri:0, instance:com.crm.qa.testcases.LoginPageTest@6a5fc7f7]" name="setUp" is-config="true" duration-ms="14568" started-at="2020-01-01T14:42:38Z" finished-at="2020-01-01T14:42:53Z">
          <reporter-output>
          </reporter-output>
        </test-method> <!-- setUp -->
        <test-method status="PASS" signature="loginTest()[pri:0, instance:com.crm.qa.testcases.LoginPageTest@6a5fc7f7]" name="loginTest" duration-ms="4651" started-at="2020-01-01T14:42:53Z" finished-at="2020-01-01T14:42:58Z">
          <reporter-output>
          </reporter-output>
        </test-method> <!-- loginTest -->
        <test-method status="PASS" signature="tearDown()[pri:0, instance:com.crm.qa.testcases.LoginPageTest@6a5fc7f7]" name="tearDown" is-config="true" duration-ms="1233" started-at="2020-01-01T14:42:58Z" finished-at="2020-01-01T14:42:59Z">
          <reporter-output>
          </reporter-output>
        </test-method> <!-- tearDown -->
      </class> <!-- com.crm.qa.testcases.LoginPageTest -->
    </test> <!-- Default test -->
  </suite> <!-- Default suite -->
</testng-results>
